<?xml version="1.0" encoding="UTF-8"?>
<testsuite xmlns:xsi="http://www.w3.org/2001/XMLSchema-instance" xsi:noNamespaceSchemaLocation="https://maven.apache.org/surefire/maven-surefire-plugin/xsd/surefire-test-report.xsd" name="CourierTest" time="67.196" tests="10" errors="1" skipped="0" failures="2">
  <properties>
[...]
</properties>
  <testcase name="cannotCreatedDoubleCourier" classname="CourierTest" time="4.624">
    <failure message="expected:&lt;...гин уже используется[]&gt; but was:&lt;...гин уже используется[. Попробуйте другой.]&gt;" type="org.junit.ComparisonFailure"><![CDATA[org.junit.ComparisonFailure: expected:<...гин уже используется[]> but was:<...гин уже используется[. Попробуйте другой.]>
	at CourierTest.cannotCreatedDoubleCourier(CourierTest.java:46)
]]></failure>
    <system-err><![CDATA[SLF4J: Failed to load class "org.slf4j.impl.StaticLoggerBinder".
SLF4J: Defaulting to no-operation (NOP) logger implementation
SLF4J: See http://www.slf4j.org/codes.html#StaticLoggerBinder for further details.
]]></system-err>
  </testcase>
  <testcase name="createdCourierWithoutFirstName" classname="CourierTest" time="0.169">
    <failure message="expected:&lt;400&gt; but was:&lt;201&gt;" type="java.lang.AssertionError"><![CDATA[java.lang.AssertionError: expected:<400> but was:<201>
	at CourierTest.createdCourierWithoutFirstName(CourierTest.java:72)
]]></failure>
  </testcase>
  <testcase name="createdCourierWithoutLogin" classname="CourierTest" time="0.169"/>
  <testcase name="courierLoginWithoutPassword" classname="CourierTest" time="60.412">
    <error message="Cannot invoke the path method because no content-type was present in the response and no default parser has been set.&#10;&#10;You can specify a default parser using e.g.:&#10;RestAssured.defaultParser = Parser.JSON;&#10;" type="java.lang.IllegalStateException">java.lang.IllegalStateException: 
Cannot invoke the path method because no content-type was present in the response and no default parser has been set.

You can specify a default parser using e.g.:
RestAssured.defaultParser = Parser.JSON;

	at CourierTest.courierLoginWithoutPassword(CourierTest.java:108)
</error>
  </testcase>
  <testcase name="courierLoginWithInvalidLoginPasswordPair" classname="CourierTest" time="0.357"/>
  <testcase name="courierCanBeLogin" classname="CourierTest" time="0.357"/>
  <testcase name="createdCourierWithoutPassword" classname="CourierTest" time="0.163"/>
  <testcase name="courierLoginWithoutLogin" classname="CourierTest" time="0.284"/>
  <testcase name="courierLoginWithNonexistentCredentials" classname="CourierTest" time="0.219"/>
  <testcase name="courierCanBeCreated" classname="CourierTest" time="0.17"/>
</testsuite>